  [1m[35m (0.8ms)[0m  [1m[35mCREATE TABLE "schema_migrations" ("version" varchar NOT NULL PRIMARY KEY) /*application='Taller'*/[0m
  [1m[35m (0.1ms)[0m  [1m[35mCREATE TABLE "ar_internal_metadata" ("key" varchar NOT NULL PRIMARY KEY, "value" varchar, "created_at" datetime(6) NOT NULL, "updated_at" datetime(6) NOT NULL) /*application='Taller'*/[0m
  [1m[36mActiveRecord::InternalMetadata Load (0.1ms)[0m  [1m[34mSELECT * FROM "ar_internal_metadata" WHERE "ar_internal_metadata"."key" = 'environment' ORDER BY "ar_internal_metadata"."key" ASC LIMIT 1 /*application='Taller'*/[0m
  [1m[36mActiveRecord::InternalMetadata Create (0.1ms)[0m  [1m[32mINSERT INTO "ar_internal_metadata" ("key", "value", "created_at", "updated_at") VALUES ('environment', 'development', '2024-11-08 13:29:31.811880', '2024-11-08 13:29:31.811883') RETURNING "key" /*application='Taller'*/[0m
  [1m[36mActiveRecord::SchemaMigration Load (0.0ms)[0m  [1m[34mSELECT "schema_migrations"."version" FROM "schema_migrations" ORDER BY "schema_migrations"."version" ASC /*application='Taller'*/[0m
Migrating to CreateBooks (20241108132926)
  [1m[36mTRANSACTION (0.0ms)[0m  [1m[35mBEGIN immediate TRANSACTION /*application='Taller'*/[0m
  [1m[35m (0.7ms)[0m  [1m[35mCREATE TABLE "books" ("id" integer PRIMARY KEY AUTOINCREMENT NOT NULL, "title" varchar, "author" varchar, "publication_year" date, "created_at" datetime(6) NOT NULL, "updated_at" datetime(6) NOT NULL) /*application='Taller'*/[0m
  [1m[36mActiveRecord::SchemaMigration Create (0.1ms)[0m  [1m[32mINSERT INTO "schema_migrations" ("version") VALUES ('20241108132926') RETURNING "version" /*application='Taller'*/[0m
  [1m[36mTRANSACTION (0.1ms)[0m  [1m[35mCOMMIT TRANSACTION /*application='Taller'*/[0m
  [1m[36mActiveRecord::SchemaMigration Load (0.0ms)[0m  [1m[34mSELECT "schema_migrations"."version" FROM "schema_migrations" ORDER BY "schema_migrations"."version" ASC /*application='Taller'*/[0m
  [1m[36mActiveRecord::SchemaMigration Load (0.1ms)[0m  [1m[34mSELECT "schema_migrations"."version" FROM "schema_migrations" ORDER BY "schema_migrations"."version" ASC /*application='Taller'*/[0m
  [1m[36mActiveRecord::InternalMetadata Load (0.1ms)[0m  [1m[34mSELECT * FROM "ar_internal_metadata" WHERE "ar_internal_metadata"."key" = 'environment' ORDER BY "ar_internal_metadata"."key" ASC LIMIT 1 /*application='Taller'*/[0m
  [1m[36mActiveRecord::SchemaMigration Load (0.0ms)[0m  [1m[34mSELECT "schema_migrations"."version" FROM "schema_migrations" ORDER BY "schema_migrations"."version" ASC /*application='Taller'*/[0m
  [1m[36mActiveRecord::InternalMetadata Load (0.1ms)[0m  [1m[34mSELECT * FROM "ar_internal_metadata" WHERE "ar_internal_metadata"."key" = 'environment' ORDER BY "ar_internal_metadata"."key" ASC LIMIT 1 /*application='Taller'*/[0m
  [1m[36mActiveRecord::SchemaMigration Load (0.9ms)[0m  [1m[34mSELECT "schema_migrations"."version" FROM "schema_migrations" ORDER BY "schema_migrations"."version" ASC /*application='Taller'*/[0m
  [1m[36mActiveRecord::InternalMetadata Load (0.0ms)[0m  [1m[34mSELECT * FROM "ar_internal_metadata" WHERE "ar_internal_metadata"."key" = 'environment' ORDER BY "ar_internal_metadata"."key" ASC LIMIT 1 /*application='Taller'*/[0m
  [1m[35m (1.3ms)[0m  [1m[35mDROP TABLE IF EXISTS "books" /*application='Taller'*/[0m
  [1m[35m (0.1ms)[0m  [1m[35mCREATE TABLE "books" ("id" integer PRIMARY KEY AUTOINCREMENT NOT NULL, "title" varchar, "author" varchar, "publication_year" date, "created_at" datetime(6) NOT NULL, "updated_at" datetime(6) NOT NULL) /*application='Taller'*/[0m
  [1m[36mActiveRecord::SchemaMigration Load (0.0ms)[0m  [1m[34mSELECT "schema_migrations"."version" FROM "schema_migrations" ORDER BY "schema_migrations"."version" ASC /*application='Taller'*/[0m
  [1m[36mActiveRecord::InternalMetadata Load (0.0ms)[0m  [1m[34mSELECT * FROM "ar_internal_metadata" WHERE "ar_internal_metadata"."key" = 'environment' ORDER BY "ar_internal_metadata"."key" ASC LIMIT 1 /*application='Taller'*/[0m
  [1m[36mActiveRecord::InternalMetadata Load (0.0ms)[0m  [1m[34mSELECT * FROM "ar_internal_metadata" WHERE "ar_internal_metadata"."key" = 'environment' ORDER BY "ar_internal_metadata"."key" ASC LIMIT 1 /*application='Taller'*/[0m
  [1m[36mActiveRecord::InternalMetadata Load (0.0ms)[0m  [1m[34mSELECT * FROM "ar_internal_metadata" WHERE "ar_internal_metadata"."key" = 'schema_sha1' ORDER BY "ar_internal_metadata"."key" ASC LIMIT 1 /*application='Taller'*/[0m
  [1m[36mActiveRecord::InternalMetadata Create (0.1ms)[0m  [1m[32mINSERT INTO "ar_internal_metadata" ("key", "value", "created_at", "updated_at") VALUES ('schema_sha1', '96a59ba1da338abc21a728ca8479094c43ff4516', '2024-11-08 13:29:34.840917', '2024-11-08 13:29:34.840919') RETURNING "key" /*application='Taller'*/[0m
  [1m[35m (0.4ms)[0m  [1m[35mDROP TABLE IF EXISTS "books" /*application='Taller'*/[0m
  [1m[35m (0.7ms)[0m  [1m[35mCREATE TABLE "books" ("id" integer PRIMARY KEY AUTOINCREMENT NOT NULL, "title" varchar, "author" varchar, "publication_year" date, "created_at" datetime(6) NOT NULL, "updated_at" datetime(6) NOT NULL) /*application='Taller'*/[0m
  [1m[36mActiveRecord::SchemaMigration Load (0.0ms)[0m  [1m[34mSELECT "schema_migrations"."version" FROM "schema_migrations" ORDER BY "schema_migrations"."version" ASC /*application='Taller'*/[0m
  [1m[35m (0.1ms)[0m  [1m[32mINSERT INTO "schema_migrations" (version) VALUES (20241108132926) /*application='Taller'*/[0m
  [1m[36mActiveRecord::InternalMetadata Load (0.0ms)[0m  [1m[34mSELECT * FROM "ar_internal_metadata" WHERE "ar_internal_metadata"."key" = 'environment' ORDER BY "ar_internal_metadata"."key" ASC LIMIT 1 /*application='Taller'*/[0m
  [1m[36mActiveRecord::InternalMetadata Create (0.1ms)[0m  [1m[32mINSERT INTO "ar_internal_metadata" ("key", "value", "created_at", "updated_at") VALUES ('environment', 'development', '2024-11-08 13:29:34.846728', '2024-11-08 13:29:34.846730') RETURNING "key" /*application='Taller'*/[0m
  [1m[36mActiveRecord::InternalMetadata Load (0.0ms)[0m  [1m[34mSELECT * FROM "ar_internal_metadata" WHERE "ar_internal_metadata"."key" = 'environment' ORDER BY "ar_internal_metadata"."key" ASC LIMIT 1 /*application='Taller'*/[0m
  [1m[36mActiveRecord::InternalMetadata Update (0.1ms)[0m  [1m[33mUPDATE "ar_internal_metadata" SET "value" = 'test', "updated_at" = '2024-11-08 13:29:34.847938' WHERE "ar_internal_metadata"."key" = 'environment' /*application='Taller'*/[0m
  [1m[36mActiveRecord::InternalMetadata Load (0.0ms)[0m  [1m[34mSELECT * FROM "ar_internal_metadata" WHERE "ar_internal_metadata"."key" = 'schema_sha1' ORDER BY "ar_internal_metadata"."key" ASC LIMIT 1 /*application='Taller'*/[0m
  [1m[36mActiveRecord::InternalMetadata Create (0.1ms)[0m  [1m[32mINSERT INTO "ar_internal_metadata" ("key", "value", "created_at", "updated_at") VALUES ('schema_sha1', '96a59ba1da338abc21a728ca8479094c43ff4516', '2024-11-08 13:29:34.848968', '2024-11-08 13:29:34.848969') RETURNING "key" /*application='Taller'*/[0m
  [1m[36mActiveRecord::SchemaMigration Load (0.0ms)[0m  [1m[34mSELECT "schema_migrations"."version" FROM "schema_migrations" ORDER BY "schema_migrations"."version" ASC /*application='Taller'*/[0m
Started GET "/" for 127.0.0.1 at 2024-11-08 10:29:51 -0300
  [1m[36mActiveRecord::SchemaMigration Load (0.1ms)[0m  [1m[34mSELECT "schema_migrations"."version" FROM "schema_migrations" ORDER BY "schema_migrations"."version" ASC /*application='Taller'*/[0m
Processing by Rails::WelcomeController#index as HTML
  Rendering /home/danilo/.rvm/gems/ruby-3.3.6@exercism/gems/railties-8.0.0/lib/rails/templates/rails/welcome/index.html.erb
  Rendered /home/danilo/.rvm/gems/ruby-3.3.6@exercism/gems/railties-8.0.0/lib/rails/templates/rails/welcome/index.html.erb (Duration: 0.5ms | GC: 0.0ms)
Completed 200 OK in 23ms (Views: 3.5ms | ActiveRecord: 0.0ms (0 queries, 0 cached) | GC: 0.0ms)


Started GET "/books" for 127.0.0.1 at 2024-11-08 10:29:55 -0300
Processing by BooksController#index as HTML
  Rendering layout layouts/application.html.erb
  Rendering books/index.html.erb within layouts/application
  [1m[36mBook Load (0.7ms)[0m  [1m[34mSELECT "books".* FROM "books" /*action='index',application='Taller',controller='books'*/[0m
  ↳ app/views/books/index.html.erb:8
  Rendered books/index.html.erb within layouts/application (Duration: 3.1ms | GC: 0.0ms)
  Rendered layout layouts/application.html.erb (Duration: 19.0ms | GC: 11.4ms)
Completed 200 OK in 50ms (Views: 19.1ms | ActiveRecord: 0.7ms (1 query, 0 cached) | GC: 11.4ms)


Started GET "/assets/application-8b441ae0.css" for 127.0.0.1 at 2024-11-08 10:29:55 -0300
Started GET "/assets/controllers/hello_controller-708796bd.js" for 127.0.0.1 at 2024-11-08 10:29:55 -0300
Started GET "/assets/controllers/index-ee64e1f1.js" for 127.0.0.1 at 2024-11-08 10:29:55 -0300
Started GET "/assets/application-bfcdf840.js" for 127.0.0.1 at 2024-11-08 10:29:55 -0300
Started GET "/assets/turbo.min-fae85750.js" for 127.0.0.1 at 2024-11-08 10:29:55 -0300
Started GET "/assets/stimulus.min-4b1e420e.js" for 127.0.0.1 at 2024-11-08 10:29:55 -0300
Started GET "/assets/stimulus-loading-1fc53fe7.js" for 127.0.0.1 at 2024-11-08 10:29:55 -0300
Started GET "/assets/controllers/application-3affb389.js" for 127.0.0.1 at 2024-11-08 10:29:55 -0300
Started GET "/books/new" for 127.0.0.1 at 2024-11-08 10:29:56 -0300
Processing by BooksController#new as HTML
  Rendering layout layouts/application.html.erb
  Rendering books/new.html.erb within layouts/application
  Rendered books/_form.html.erb (Duration: 11.0ms | GC: 0.0ms)
  Rendered books/new.html.erb within layouts/application (Duration: 12.1ms | GC: 0.0ms)
  Rendered layout layouts/application.html.erb (Duration: 12.9ms | GC: 0.0ms)
Completed 200 OK in 28ms (Views: 13.2ms | ActiveRecord: 0.5ms (0 queries, 0 cached) | GC: 0.0ms)


Started POST "/books" for 127.0.0.1 at 2024-11-08 10:30:06 -0300
Processing by BooksController#create as TURBO_STREAM
  Parameters: {"authenticity_token"=>"[FILTERED]", "book"=>{"title"=>"Title", "author"=>"Danilo", "publication_year"=>"2024-11-15"}, "commit"=>"Create Book"}
  [1m[36mTRANSACTION (0.1ms)[0m  [1m[35mBEGIN immediate TRANSACTION /*action='create',application='Taller',controller='books'*/[0m
  ↳ app/controllers/books_controller.rb:27:in `block in create'
  [1m[36mBook Create (0.9ms)[0m  [1m[32mINSERT INTO "books" ("title", "author", "publication_year", "created_at", "updated_at") VALUES ('Title', 'Danilo', '2024-11-15', '2024-11-08 13:30:06.362944', '2024-11-08 13:30:06.362944') RETURNING "id" /*action='create',application='Taller',controller='books'*/[0m
  ↳ app/controllers/books_controller.rb:27:in `block in create'
  [1m[36mTRANSACTION (0.8ms)[0m  [1m[35mCOMMIT TRANSACTION /*action='create',application='Taller',controller='books'*/[0m
  ↳ app/controllers/books_controller.rb:27:in `block in create'
Redirected to http://localhost:3000/books/1
Completed 302 Found in 12ms (ActiveRecord: 1.8ms (1 query, 0 cached) | GC: 0.0ms)


Started GET "/books/1" for 127.0.0.1 at 2024-11-08 10:30:06 -0300
Processing by BooksController#show as TURBO_STREAM
  Parameters: {"id"=>"1"}
  [1m[36mBook Load (0.1ms)[0m  [1m[34mSELECT "books".* FROM "books" WHERE "books"."id" = 1 LIMIT 1 /*action='show',application='Taller',controller='books'*/[0m
  ↳ app/controllers/books_controller.rb:63:in `set_book'
  Rendering layout layouts/application.html.erb
  Rendering books/show.html.erb within layouts/application
  Rendered books/_book.html.erb (Duration: 0.2ms | GC: 0.0ms)
  Rendered books/show.html.erb within layouts/application (Duration: 15.3ms | GC: 13.1ms)
  Rendered layout layouts/application.html.erb (Duration: 15.7ms | GC: 13.1ms)
Completed 200 OK in 26ms (Views: 16.0ms | ActiveRecord: 0.1ms (1 query, 0 cached) | GC: 13.1ms)


Started GET "/books/1/edit" for 127.0.0.1 at 2024-11-08 10:31:12 -0300
Processing by BooksController#edit as HTML
  Parameters: {"id"=>"1"}
  [1m[36mBook Load (0.1ms)[0m  [1m[34mSELECT "books".* FROM "books" WHERE "books"."id" = 1 LIMIT 1 /*action='edit',application='Taller',controller='books'*/[0m
  ↳ app/controllers/books_controller.rb:63:in `set_book'
  Rendering layout layouts/application.html.erb
  Rendering books/edit.html.erb within layouts/application
  Rendered books/_form.html.erb (Duration: 1.2ms | GC: 0.0ms)
  Rendered books/edit.html.erb within layouts/application (Duration: 1.7ms | GC: 0.0ms)
  Rendered layout layouts/application.html.erb (Duration: 2.5ms | GC: 0.3ms)
Completed 200 OK in 13ms (Views: 2.8ms | ActiveRecord: 0.1ms (1 query, 0 cached) | GC: 0.9ms)


Started DELETE "/books/1" for 127.0.0.1 at 2024-11-08 10:31:13 -0300
Processing by BooksController#destroy as TURBO_STREAM
  Parameters: {"authenticity_token"=>"[FILTERED]", "id"=>"1"}
  [1m[36mBook Load (0.1ms)[0m  [1m[34mSELECT "books".* FROM "books" WHERE "books"."id" = 1 LIMIT 1 /*action='destroy',application='Taller',controller='books'*/[0m
  ↳ app/controllers/books_controller.rb:63:in `set_book'
  [1m[36mTRANSACTION (0.0ms)[0m  [1m[35mBEGIN immediate TRANSACTION /*action='destroy',application='Taller',controller='books'*/[0m
  ↳ app/controllers/books_controller.rb:52:in `destroy'
  [1m[36mBook Destroy (0.5ms)[0m  [1m[31mDELETE FROM "books" WHERE "books"."id" = 1 /*action='destroy',application='Taller',controller='books'*/[0m
  ↳ app/controllers/books_controller.rb:52:in `destroy'
  [1m[36mTRANSACTION (0.1ms)[0m  [1m[35mCOMMIT TRANSACTION /*action='destroy',application='Taller',controller='books'*/[0m
  ↳ app/controllers/books_controller.rb:52:in `destroy'
Redirected to http://localhost:3000/books
Completed 303 See Other in 11ms (ActiveRecord: 0.7ms (2 queries, 0 cached) | GC: 0.3ms)


Started GET "/books" for 127.0.0.1 at 2024-11-08 10:31:13 -0300
Processing by BooksController#index as TURBO_STREAM
  Rendering layout layouts/application.html.erb
  Rendering books/index.html.erb within layouts/application
  [1m[36mBook Load (0.1ms)[0m  [1m[34mSELECT "books".* FROM "books" /*action='index',application='Taller',controller='books'*/[0m
  ↳ app/views/books/index.html.erb:8
  Rendered books/index.html.erb within layouts/application (Duration: 1.5ms | GC: 0.4ms)
  Rendered layout layouts/application.html.erb (Duration: 2.0ms | GC: 0.4ms)
Completed 200 OK in 8ms (Views: 2.2ms | ActiveRecord: 0.1ms (1 query, 0 cached) | GC: 0.4ms)


Started GET "/books/new" for 127.0.0.1 at 2024-11-08 10:31:14 -0300
Processing by BooksController#new as HTML
  Rendering layout layouts/application.html.erb
  Rendering books/new.html.erb within layouts/application
  Rendered books/_form.html.erb (Duration: 1.7ms | GC: 0.0ms)
  Rendered books/new.html.erb within layouts/application (Duration: 2.0ms | GC: 0.0ms)
  Rendered layout layouts/application.html.erb (Duration: 2.5ms | GC: 0.0ms)
Completed 200 OK in 11ms (Views: 2.8ms | ActiveRecord: 0.0ms (0 queries, 0 cached) | GC: 0.0ms)


Started GET "/books" for 127.0.0.1 at 2024-11-08 10:31:24 -0300
Processing by BooksController#index as HTML
  Rendering layout layouts/application.html.erb
  Rendering books/index.html.erb within layouts/application
  [1m[36mBook Load (0.1ms)[0m  [1m[34mSELECT "books".* FROM "books" /*action='index',application='Taller',controller='books'*/[0m
  ↳ app/views/books/index.html.erb:8
  Rendered books/index.html.erb within layouts/application (Duration: 1.5ms | GC: 0.1ms)
  Rendered layout layouts/application.html.erb (Duration: 2.1ms | GC: 0.1ms)
Completed 200 OK in 10ms (Views: 2.3ms | ActiveRecord: 0.1ms (1 query, 0 cached) | GC: 0.1ms)


Started POST "/books" for 127.0.0.1 at 2024-11-08 10:31:24 -0300
Processing by BooksController#create as TURBO_STREAM
  Parameters: {"authenticity_token"=>"[FILTERED]", "book"=>{"title"=>"Title", "author"=>"Danilo", "publication_year"=>"2024-11-05"}, "commit"=>"Create Book"}
  [1m[36mTRANSACTION (0.1ms)[0m  [1m[35mBEGIN immediate TRANSACTION /*action='create',application='Taller',controller='books'*/[0m
  ↳ app/controllers/books_controller.rb:27:in `block in create'
  [1m[36mBook Create (0.8ms)[0m  [1m[32mINSERT INTO "books" ("title", "author", "publication_year", "created_at", "updated_at") VALUES ('Title', 'Danilo', '2024-11-05', '2024-11-08 13:31:24.977209', '2024-11-08 13:31:24.977209') RETURNING "id" /*action='create',application='Taller',controller='books'*/[0m
  ↳ app/controllers/books_controller.rb:27:in `block in create'
  [1m[36mTRANSACTION (0.1ms)[0m  [1m[35mCOMMIT TRANSACTION /*action='create',application='Taller',controller='books'*/[0m
  ↳ app/controllers/books_controller.rb:27:in `block in create'
Redirected to http://localhost:3000/books/2
Completed 302 Found in 11ms (ActiveRecord: 0.9ms (1 query, 0 cached) | GC: 0.0ms)


Started GET "/books/2" for 127.0.0.1 at 2024-11-08 10:31:24 -0300
Processing by BooksController#show as TURBO_STREAM
  Parameters: {"id"=>"2"}
  [1m[36mBook Load (0.1ms)[0m  [1m[34mSELECT "books".* FROM "books" WHERE "books"."id" = 2 LIMIT 1 /*action='show',application='Taller',controller='books'*/[0m
  ↳ app/controllers/books_controller.rb:63:in `set_book'
  Rendering layout layouts/application.html.erb
  Rendering books/show.html.erb within layouts/application
  Rendered books/_book.html.erb (Duration: 0.1ms | GC: 0.0ms)
  Rendered books/show.html.erb within layouts/application (Duration: 0.8ms | GC: 0.0ms)
  Rendered layout layouts/application.html.erb (Duration: 1.2ms | GC: 0.0ms)
Completed 200 OK in 10ms (Views: 1.4ms | ActiveRecord: 0.1ms (1 query, 0 cached) | GC: 0.0ms)


Started GET "/books" for 127.0.0.1 at 2024-11-08 10:31:27 -0300
Processing by BooksController#index as HTML
  Rendering layout layouts/application.html.erb
  Rendering books/index.html.erb within layouts/application
  [1m[36mBook Load (0.1ms)[0m  [1m[34mSELECT "books".* FROM "books" /*action='index',application='Taller',controller='books'*/[0m
  ↳ app/views/books/index.html.erb:8
  Rendered books/_book.html.erb (Duration: 0.1ms | GC: 0.0ms)
  Rendered books/index.html.erb within layouts/application (Duration: 2.0ms | GC: 0.0ms)
  Rendered layout layouts/application.html.erb (Duration: 2.5ms | GC: 0.0ms)
Completed 200 OK in 10ms (Views: 2.7ms | ActiveRecord: 0.1ms (1 query, 0 cached) | GC: 0.0ms)


